<?xml version="1.0" encoding="UTF-8"?>
<!-- Generated by org.testng.reporters.JUnitReportReporter -->
<testsuite hostname="vineets-MacBook-Air.local" failures="0" tests="1" name="Demo.SeleniumTest.HomePage" time="31.711" errors="0" timestamp="2022-02-02T19:26:02 IST" skipped="0">
  <testcase classname="Demo.SeleniumTest.HomePage" name="scenario1Test" time="31.711"/>
</testsuite> <!-- Demo.SeleniumTest.HomePage -->
